<?xml version="1.0" encoding="UTF-8"?>
<!-- Generated by org.testng.reporters.JUnitXMLReporter -->
<testsuite ignored="0" hostname="DESKTOP-E57FEQI" failures="0" tests="10" name="Simultaneous Run" time="0.578" errors="0" timestamp="2023-06-04T19:41:48 IST">
  <testcase classname="TestNG.sample1" name="TC1" time="0.051"/>
  <testcase classname="TestNG.sample1" name="TC2" time="0.005"/>
  <testcase classname="TestNG.sample1" name="TC3" time="0.006"/>
  <testcase classname="TestNG.sample2" name="TC4" time="0.007"/>
  <testcase classname="TestNG.sample2" name="TC5" time="0.009"/>
  <testcase classname="TestNG.sample2" name="TC6" time="0.006"/>
  <testcase classname="TestNG.sample2" name="TC7" time="0.01"/>
  <testcase classname="TestNG.sample3" name="TC10" time="0.025"/>
  <testcase classname="TestNG.sample3" name="TC8" time="0.01"/>
  <testcase classname="TestNG.sample3" name="TC9" time="0.014"/>
</testsuite> <!-- Simultaneous Run -->
